<?xml version="1.0" encoding="UTF-8"?>
<Site BuildName="(empty)"
	BuildStamp="20250515-0101-Experimental"
	Name="nowhere"
	Generator="ctest-3.25.2"
	CompilerName="/usr/bin/c++"
	CompilerVersion="13.1.0"
	OSName="Linux"
	Hostname="nowhere"
	OSRelease="6.8.0-59-generic"
	OSVersion="#61~22.04.1-Ubuntu SMP PREEMPT_DYNAMIC Tue Apr 15 17:03:15 UTC 2"
	OSPlatform="x86_64"
	Is64Bits="1"
	VendorString="GenuineIntel"
	VendorID="Intel Corporation"
	FamilyID="6"
	ModelID="186"
	ProcessorCacheSize="24576"
	NumberOfLogicalCPU="20"
	NumberOfPhysicalCPU="14"
	TotalVirtualMemory="2047"
	TotalPhysicalMemory="15609"
	LogicalProcessorsPerPhysical="1"
	ProcessorClockFrequency="2833.65"
	>
	<Testing>
		<StartDateTime>May 15 14:52 KST</StartDateTime>
		<StartTestTime>1747288320</StartTestTime>
		<TestList/>
		<EndDateTime>May 15 14:52 KST</EndDateTime>
		<EndTestTime>1747288320</EndTestTime>
		<ElapsedMinutes>0</ElapsedMinutes>
	</Testing>
</Site>
